#
# There is insufficient memory for the Java Runtime Environment to continue.
# Native memory allocation (malloc) failed to allocate 1893952 bytes. Error detail: Chunk::new
# Possible reasons:
#   The system is out of physical RAM or swap space
#   This process is running with CompressedOops enabled, and the Java Heap may be blocking the growth of the native heap
# Possible solutions:
#   Reduce memory load on the system
#   Increase physical memory or swap space
#   Check if swap backing store is full
#   Decrease Java heap size (-Xmx/-Xms)
#   Decrease number of Java threads
#   Decrease Java thread stack sizes (-Xss)
#   Set larger code cache with -XX:ReservedCodeCacheSize=
#   JVM is running with Unscaled Compressed Oops mode in which the Java heap is
#     placed in the first 4GB address space. The Java Heap base address is the
#     maximum limit for the native heap growth. Please use -XX:HeapBaseMinAddress
#     to set the Java Heap base and to place the Java Heap above 4GB virtual address.
# This output file may be truncated or incomplete.
#
#  Out of Memory Error (arena.cpp:168), pid=9988, tid=9076
#
# JRE version: OpenJDK Runtime Environment Temurin-21.0.4+7 (21.0.4+7) (build 21.0.4+7-LTS)
# Java VM: OpenJDK 64-Bit Server VM Temurin-21.0.4+7 (21.0.4+7-LTS, mixed mode, tiered, compressed oops, compressed class ptrs, g1 gc, windows-amd64)
# No core dump will be written. Minidumps are not enabled by default on client versions of Windows
#

---------------  S U M M A R Y ------------

Command Line: -Dfile.encoding=UTF-8 -Dstdout.encoding=UTF-8 -Dstderr.encoding=UTF-8 -XX:+ShowCodeDetailsInExceptionMessages org.fsegs.BelhadjsalahSafa.BankAppBackApplication

Host: Intel(R) Core(TM) i3-7020U CPU @ 2.30GHz, 4 cores, 3G,  Windows 10 , 64 bit Build 19041 (10.0.19041.5678)
Time: Sun May  4 00:08:10 2025 Amér. du Sud occid. elapsed time: 6111.292988 seconds (0d 1h 41m 51s)

---------------  T H R E A D  ---------------

Current thread (0x0000023c2e001200):  JavaThread "C2 CompilerThread0" daemon [_thread_in_native, id=9076, stack(0x000000b505400000,0x000000b505500000) (1024K)]


Current CompileTask:
C2:6111294 13777   !   4       jakarta.servlet.http.HttpServlet::service (41 bytes)

Stack: [0x000000b505400000,0x000000b505500000]
Native frames: (J=compiled Java code, j=interpreted, Vv=VM code, C=native code)
V  [jvm.dll+0x6cbcf9]
V  [jvm.dll+0x8a5551]
V  [jvm.dll+0x8a7a7e]
V  [jvm.dll+0x8a8153]
V  [jvm.dll+0x27eca6]
V  [jvm.dll+0xc4aad]
V  [jvm.dll+0xc4fe3]
V  [jvm.dll+0x3b513c]
V  [jvm.dll+0x3815a5]
V  [jvm.dll+0x380a0a]
V  [jvm.dll+0x247110]
V  [jvm.dll+0x2466ef]
V  [jvm.dll+0x1c6f7e]
V  [jvm.dll+0x255e7a]
V  [jvm.dll+0x25441a]
V  [jvm.dll+0x3eeef6]
V  [jvm.dll+0x84f17b]
V  [jvm.dll+0x6ca3fd]
C  [ucrtbase.dll+0x21bb2]
C  [KERNEL32.DLL+0x17374]
C  [ntdll.dll+0x4cc91]


---------------  P R O C E S S  ---------------

Threads class SMR info:
_java_thread_list=0x0000023c32261fe0, length=28, elements={
0x0000023c2e030100, 0x0000023c2e031870, 0x0000023c29b78f20, 0x0000023c29b79980,
0x0000023c29b7a3e0, 0x0000023c2e000470, 0x0000023c2e001200, 0x0000023c2e07e630,
0x0000023c2e1b5c50, 0x0000023c2e1c3c60, 0x0000023c300b9380, 0x0000023c2f37c030,
0x0000023c2f37c6a0, 0x0000023c3091f150, 0x0000023c3129a020, 0x0000023c31632fa0,
0x0000023c32bc1010, 0x0000023c31bf0130, 0x0000023c2f1e8330, 0x0000023c306f3520,
0x0000023c306f00a0, 0x0000023c306f0730, 0x0000023c306f2170, 0x0000023c306f2e90,
0x0000023c306f1450, 0x0000023c306f0dc0, 0x0000023c306f2800, 0x0000023c306f1ae0
}

Java Threads: ( => current thread )
  0x0000023c2e030100 JavaThread "Reference Handler"          daemon [_thread_blocked, id=8432, stack(0x000000b504e00000,0x000000b504f00000) (1024K)]
  0x0000023c2e031870 JavaThread "Finalizer"                  daemon [_thread_blocked, id=10712, stack(0x000000b504f00000,0x000000b505000000) (1024K)]
  0x0000023c29b78f20 JavaThread "Signal Dispatcher"          daemon [_thread_blocked, id=7128, stack(0x000000b505000000,0x000000b505100000) (1024K)]
  0x0000023c29b79980 JavaThread "Attach Listener"            daemon [_thread_blocked, id=18736, stack(0x000000b505100000,0x000000b505200000) (1024K)]
  0x0000023c29b7a3e0 JavaThread "Service Thread"             daemon [_thread_blocked, id=13164, stack(0x000000b505200000,0x000000b505300000) (1024K)]
  0x0000023c2e000470 JavaThread "Monitor Deflation Thread"   daemon [_thread_blocked, id=9292, stack(0x000000b505300000,0x000000b505400000) (1024K)]
=>0x0000023c2e001200 JavaThread "C2 CompilerThread0"         daemon [_thread_in_native, id=9076, stack(0x000000b505400000,0x000000b505500000) (1024K)]
  0x0000023c2e07e630 JavaThread "C1 CompilerThread0"         daemon [_thread_blocked, id=20760, stack(0x000000b505500000,0x000000b505600000) (1024K)]
  0x0000023c2e1b5c50 JavaThread "Notification Thread"        daemon [_thread_blocked, id=2436, stack(0x000000b505600000,0x000000b505700000) (1024K)]
  0x0000023c2e1c3c60 JavaThread "Common-Cleaner"             daemon [_thread_blocked, id=7028, stack(0x000000b505700000,0x000000b505800000) (1024K)]
  0x0000023c300b9380 JavaThread "Catalina-utility-1"                [_thread_blocked, id=21196, stack(0x000000b505b00000,0x000000b505c00000) (1024K)]
  0x0000023c2f37c030 JavaThread "Catalina-utility-2"                [_thread_blocked, id=19984, stack(0x000000b505c00000,0x000000b505d00000) (1024K)]
  0x0000023c2f37c6a0 JavaThread "container-0"                       [_thread_blocked, id=8016, stack(0x000000b505d00000,0x000000b505e00000) (1024K)]
  0x0000023c3091f150 JavaThread "mysql-cj-abandoned-connection-cleanup" daemon [_thread_blocked, id=19204, stack(0x000000b505e00000,0x000000b505f00000) (1024K)]
  0x0000023c3129a020 JavaThread "HikariPool-1 housekeeper"   daemon [_thread_blocked, id=17936, stack(0x000000b505f00000,0x000000b506000000) (1024K)]
  0x0000023c31632fa0 JavaThread "http-nio-8080-exec-1"       daemon [_thread_blocked, id=6136, stack(0x000000b506000000,0x000000b506100000) (1024K)]
  0x0000023c32bc1010 JavaThread "http-nio-8080-exec-2"       daemon [_thread_blocked, id=14120, stack(0x000000b506100000,0x000000b506200000) (1024K)]
  0x0000023c31bf0130 JavaThread "http-nio-8080-exec-3"       daemon [_thread_blocked, id=3216, stack(0x000000b506200000,0x000000b506300000) (1024K)]
  0x0000023c2f1e8330 JavaThread "http-nio-8080-exec-4"       daemon [_thread_blocked, id=15052, stack(0x000000b506300000,0x000000b506400000) (1024K)]
  0x0000023c306f3520 JavaThread "http-nio-8080-exec-5"       daemon [_thread_blocked, id=18648, stack(0x000000b506400000,0x000000b506500000) (1024K)]
  0x0000023c306f00a0 JavaThread "http-nio-8080-exec-6"       daemon [_thread_blocked, id=6164, stack(0x000000b506500000,0x000000b506600000) (1024K)]
  0x0000023c306f0730 JavaThread "http-nio-8080-exec-7"       daemon [_thread_blocked, id=13608, stack(0x000000b506600000,0x000000b506700000) (1024K)]
  0x0000023c306f2170 JavaThread "http-nio-8080-exec-8"       daemon [_thread_blocked, id=8808, stack(0x000000b506700000,0x000000b506800000) (1024K)]
  0x0000023c306f2e90 JavaThread "http-nio-8080-exec-9"       daemon [_thread_blocked, id=8, stack(0x000000b506800000,0x000000b506900000) (1024K)]
  0x0000023c306f1450 JavaThread "http-nio-8080-exec-10"      daemon [_thread_blocked, id=4516, stack(0x000000b506900000,0x000000b506a00000) (1024K)]
  0x0000023c306f0dc0 JavaThread "http-nio-8080-Poller"       daemon [_thread_in_native, id=10284, stack(0x000000b506a00000,0x000000b506b00000) (1024K)]
  0x0000023c306f2800 JavaThread "http-nio-8080-Acceptor"     daemon [_thread_in_native, id=19308, stack(0x000000b506b00000,0x000000b506c00000) (1024K)]
  0x0000023c306f1ae0 JavaThread "DestroyJavaVM"                     [_thread_blocked, id=4312, stack(0x000000b504600000,0x000000b504700000) (1024K)]
Total: 28

Other Threads:
  0x0000023c29b15410 VMThread "VM Thread"                           [id=6236, stack(0x000000b504d00000,0x000000b504e00000) (1024K)]
  0x0000023c29aaab40 WatcherThread "VM Periodic Task Thread"        [id=14496, stack(0x000000b504c00000,0x000000b504d00000) (1024K)]
  0x0000023c118917d0 WorkerThread "GC Thread#0"                     [id=19332, stack(0x000000b504700000,0x000000b504800000) (1024K)]
  0x0000023c2ea918d0 WorkerThread "GC Thread#1"                     [id=4956, stack(0x000000b505800000,0x000000b505900000) (1024K)]
  0x0000023c2e8746e0 WorkerThread "GC Thread#2"                     [id=15424, stack(0x000000b505900000,0x000000b505a00000) (1024K)]
  0x0000023c2e874a80 WorkerThread "GC Thread#3"                     [id=9884, stack(0x000000b505a00000,0x000000b505b00000) (1024K)]
  0x0000023c1189a530 ConcurrentGCThread "G1 Main Marker"            [id=12376, stack(0x000000b504800000,0x000000b504900000) (1024K)]
  0x0000023c1189b980 WorkerThread "G1 Conc#0"                       [id=10052, stack(0x000000b504900000,0x000000b504a00000) (1024K)]
  0x0000023c118f3b20 ConcurrentGCThread "G1 Refine#0"               [id=16552, stack(0x000000b504a00000,0x000000b504b00000) (1024K)]
  0x0000023c118f4fe0 ConcurrentGCThread "G1 Service"                [id=9520, stack(0x000000b504b00000,0x000000b504c00000) (1024K)]
Total: 10

Threads with active compile tasks:
C2 CompilerThread0  6111465 13777   !   4       jakarta.servlet.http.HttpServlet::service (41 bytes)
Total: 1

VM state: not at safepoint (normal execution)

VM Mutex/Monitor currently owned by a thread: None

Heap address: 0x00000000c1400000, size: 1004 MB, Compressed Oops mode: 32-bit

CDS archive(s) not mapped
Compressed class space mapped at: 0x0000000100000000-0x0000000140000000, reserved size: 1073741824
Narrow klass base: 0x0000000000000000, Narrow klass shift: 3, Narrow klass range: 0x140000000

GC Precious Log:
 CardTable entry size: 512
 Card Set container configuration: InlinePtr #cards 5 size 8 Array Of Cards #cards 12 size 40 Howl #buckets 4 coarsen threshold 1843 Howl Bitmap #cards 512 size 80 coarsen threshold 460 Card regions per heap region 1 cards per card region 2048
 CPUs: 4 total, 4 available
 Memory: 4011M
 Large Page Support: Disabled
 NUMA Support: Disabled
 Compressed Oops: Enabled (32-bit)
 Heap Region Size: 1M
 Heap Min Capacity: 8M
 Heap Initial Capacity: 64M
 Heap Max Capacity: 1004M
 Pre-touch: Disabled
 Parallel Workers: 4
 Concurrent Workers: 1
 Concurrent Refinement Workers: 4
 Periodic GC: Disabled

Heap:
 garbage-first heap   total 106496K, used 42521K [0x00000000c1400000, 0x0000000100000000)
  region size 1024K, 14 young (14336K), 1 survivors (1024K)
 Metaspace       used 86997K, committed 87616K, reserved 1179648K
  class space    used 10716K, committed 11008K, reserved 1048576K

Heap Regions: E=young(eden), S=young(survivor), O=old, HS=humongous(starts), HC=humongous(continues), CS=collection set, F=free, TAMS=top-at-mark-start, PB=parsable bottom
|   0|0x00000000c1400000, 0x00000000c1500000, 0x00000000c1500000|100%|HS|  |TAMS 0x00000000c1400000| PB 0x00000000c1400000| Complete 
|   1|0x00000000c1500000, 0x00000000c1600000, 0x00000000c1600000|100%|HS|  |TAMS 0x00000000c1500000| PB 0x00000000c1500000| Complete 
|   2|0x00000000c1600000, 0x00000000c1700000, 0x00000000c1700000|100%| O|  |TAMS 0x00000000c1600000| PB 0x00000000c1600000| Untracked 
|   3|0x00000000c1700000, 0x00000000c1800000, 0x00000000c1800000|100%| O|  |TAMS 0x00000000c1700000| PB 0x00000000c1700000| Untracked 
|   4|0x00000000c1800000, 0x00000000c1900000, 0x00000000c1900000|100%| O|  |TAMS 0x00000000c1800000| PB 0x00000000c1800000| Untracked 
|   5|0x00000000c1900000, 0x00000000c1a00000, 0x00000000c1a00000|100%| O|  |TAMS 0x00000000c1900000| PB 0x00000000c1900000| Untracked 
|   6|0x00000000c1a00000, 0x00000000c1b00000, 0x00000000c1b00000|100%| O|  |TAMS 0x00000000c1a00000| PB 0x00000000c1a00000| Untracked 
|   7|0x00000000c1b00000, 0x00000000c1c00000, 0x00000000c1c00000|100%| O|  |TAMS 0x00000000c1b00000| PB 0x00000000c1b00000| Untracked 
|   8|0x00000000c1c00000, 0x00000000c1d00000, 0x00000000c1d00000|100%| O|  |TAMS 0x00000000c1c00000| PB 0x00000000c1c00000| Untracked 
|   9|0x00000000c1d00000, 0x00000000c1e00000, 0x00000000c1e00000|100%| O|  |TAMS 0x00000000c1d00000| PB 0x00000000c1d00000| Untracked 
|  10|0x00000000c1e00000, 0x00000000c1f00000, 0x00000000c1f00000|100%| O|Cm|TAMS 0x00000000c1e00000| PB 0x00000000c1e00000| Complete 
|  11|0x00000000c1f00000, 0x00000000c2000000, 0x00000000c2000000|100%| O|  |TAMS 0x00000000c1f00000| PB 0x00000000c1f00000| Untracked 
|  12|0x00000000c2000000, 0x00000000c2100000, 0x00000000c2100000|100%| O|  |TAMS 0x00000000c2000000| PB 0x00000000c2000000| Untracked 
|  13|0x00000000c2100000, 0x00000000c2200000, 0x00000000c2200000|100%| O|  |TAMS 0x00000000c2100000| PB 0x00000000c2100000| Untracked 
|  14|0x00000000c2200000, 0x00000000c2300000, 0x00000000c2300000|100%| O|  |TAMS 0x00000000c2200000| PB 0x00000000c2200000| Untracked 
|  15|0x00000000c2300000, 0x00000000c2400000, 0x00000000c2400000|100%| O|  |TAMS 0x00000000c2300000| PB 0x00000000c2300000| Untracked 
|  16|0x00000000c2400000, 0x00000000c2500000, 0x00000000c2500000|100%| O|  |TAMS 0x00000000c2400000| PB 0x00000000c2400000| Untracked 
|  17|0x00000000c2500000, 0x00000000c2600000, 0x00000000c2600000|100%| O|  |TAMS 0x00000000c2500000| PB 0x00000000c2500000| Untracked 
|  18|0x00000000c2600000, 0x00000000c2700000, 0x00000000c2700000|100%| O|  |TAMS 0x00000000c2600000| PB 0x00000000c2600000| Untracked 
|  19|0x00000000c2700000, 0x00000000c27fd5c0, 0x00000000c2800000| 98%| O|  |TAMS 0x00000000c2700000| PB 0x00000000c2700000| Untracked 
|  20|0x00000000c2800000, 0x00000000c2900000, 0x00000000c2900000|100%| O|  |TAMS 0x00000000c2800000| PB 0x00000000c2800000| Untracked 
|  21|0x00000000c2900000, 0x00000000c2a00000, 0x00000000c2a00000|100%| O|  |TAMS 0x00000000c2900000| PB 0x00000000c2900000| Untracked 
|  22|0x00000000c2a00000, 0x00000000c2b00000, 0x00000000c2b00000|100%| O|  |TAMS 0x00000000c2a00000| PB 0x00000000c2a00000| Untracked 
|  23|0x00000000c2b00000, 0x00000000c2c00000, 0x00000000c2c00000|100%| O|  |TAMS 0x00000000c2b00000| PB 0x00000000c2b00000| Untracked 
|  24|0x00000000c2c00000, 0x00000000c2d00000, 0x00000000c2d00000|100%| O|  |TAMS 0x00000000c2c00000| PB 0x00000000c2c00000| Untracked 
|  25|0x00000000c2d00000, 0x00000000c2d03930, 0x00000000c2e00000|  1%| O|  |TAMS 0x00000000c2d00000| PB 0x00000000c2d00000| Untracked 
|  26|0x00000000c2e00000, 0x00000000c2f00000, 0x00000000c2f00000|100%| O|  |TAMS 0x00000000c2e00000| PB 0x00000000c2e00000| Untracked 
|  27|0x00000000c2f00000, 0x00000000c3000000, 0x00000000c3000000|100%| O|  |TAMS 0x00000000c2f00000| PB 0x00000000c2f00000| Untracked 
|  28|0x00000000c3000000, 0x00000000c3100000, 0x00000000c3100000|100%| O|  |TAMS 0x00000000c3000000| PB 0x00000000c3000000| Untracked 
|  29|0x00000000c3100000, 0x00000000c3135f90, 0x00000000c3200000| 21%| O|Cm|TAMS 0x00000000c3100000| PB 0x00000000c3100000| Complete 
|  30|0x00000000c3200000, 0x00000000c3200000, 0x00000000c3300000|  0%| F|  |TAMS 0x00000000c3200000| PB 0x00000000c3200000| Untracked 
|  31|0x00000000c3300000, 0x00000000c3300000, 0x00000000c3400000|  0%| F|  |TAMS 0x00000000c3300000| PB 0x00000000c3300000| Untracked 
|  32|0x00000000c3400000, 0x00000000c3400000, 0x00000000c3500000|  0%| F|  |TAMS 0x00000000c3400000| PB 0x00000000c3400000| Untracked 
|  33|0x00000000c3500000, 0x00000000c3600000, 0x00000000c3600000|100%| O|  |TAMS 0x00000000c3500000| PB 0x00000000c3500000| Untracked 
|  34|0x00000000c3600000, 0x00000000c3600000, 0x00000000c3700000|  0%| F|  |TAMS 0x00000000c3600000| PB 0x00000000c3600000| Untracked 
|  35|0x00000000c3700000, 0x00000000c3700000, 0x00000000c3800000|  0%| F|  |TAMS 0x00000000c3700000| PB 0x00000000c3700000| Untracked 
|  36|0x00000000c3800000, 0x00000000c3800000, 0x00000000c3900000|  0%| F|  |TAMS 0x00000000c3800000| PB 0x00000000c3800000| Untracked 
|  37|0x00000000c3900000, 0x00000000c3900000, 0x00000000c3a00000|  0%| F|  |TAMS 0x00000000c3900000| PB 0x00000000c3900000| Untracked 
|  38|0x00000000c3a00000, 0x00000000c3a00000, 0x00000000c3b00000|  0%| F|  |TAMS 0x00000000c3a00000| PB 0x00000000c3a00000| Untracked 
|  39|0x00000000c3b00000, 0x00000000c3b00000, 0x00000000c3c00000|  0%| F|  |TAMS 0x00000000c3b00000| PB 0x00000000c3b00000| Untracked 
|  40|0x00000000c3c00000, 0x00000000c3c00000, 0x00000000c3d00000|  0%| F|  |TAMS 0x00000000c3c00000| PB 0x00000000c3c00000| Untracked 
|  41|0x00000000c3d00000, 0x00000000c3d4f780, 0x00000000c3e00000| 31%| S|CS|TAMS 0x00000000c3d00000| PB 0x00000000c3d00000| Complete 
|  42|0x00000000c3e00000, 0x00000000c3e00000, 0x00000000c3f00000|  0%| F|  |TAMS 0x00000000c3e00000| PB 0x00000000c3e00000| Untracked 
|  43|0x00000000c3f00000, 0x00000000c3f00000, 0x00000000c4000000|  0%| F|  |TAMS 0x00000000c3f00000| PB 0x00000000c3f00000| Untracked 
|  44|0x00000000c4000000, 0x00000000c4000000, 0x00000000c4100000|  0%| F|  |TAMS 0x00000000c4000000| PB 0x00000000c4000000| Untracked 
|  45|0x00000000c4100000, 0x00000000c4100000, 0x00000000c4200000|  0%| F|  |TAMS 0x00000000c4100000| PB 0x00000000c4100000| Untracked 
|  46|0x00000000c4200000, 0x00000000c4200000, 0x00000000c4300000|  0%| F|  |TAMS 0x00000000c4200000| PB 0x00000000c4200000| Untracked 
|  47|0x00000000c4300000, 0x00000000c4300000, 0x00000000c4400000|  0%| F|  |TAMS 0x00000000c4300000| PB 0x00000000c4300000| Untracked 
|  48|0x00000000c4400000, 0x00000000c4400000, 0x00000000c4500000|  0%| F|  |TAMS 0x00000000c4400000| PB 0x00000000c4400000| Untracked 
|  49|0x00000000c4500000, 0x00000000c4500000, 0x00000000c4600000|  0%| F|  |TAMS 0x00000000c4500000| PB 0x00000000c4500000| Untracked 
|  50|0x00000000c4600000, 0x00000000c4600000, 0x00000000c4700000|  0%| F|  |TAMS 0x00000000c4600000| PB 0x00000000c4600000| Untracked 
|  51|0x00000000c4700000, 0x00000000c4700000, 0x00000000c4800000|  0%| F|  |TAMS 0x00000000c4700000| PB 0x00000000c4700000| Untracked 
|  52|0x00000000c4800000, 0x00000000c4800000, 0x00000000c4900000|  0%| F|  |TAMS 0x00000000c4800000| PB 0x00000000c4800000| Untracked 
|  53|0x00000000c4900000, 0x00000000c4900000, 0x00000000c4a00000|  0%| F|  |TAMS 0x00000000c4900000| PB 0x00000000c4900000| Untracked 
|  54|0x00000000c4a00000, 0x00000000c4a00000, 0x00000000c4b00000|  0%| F|  |TAMS 0x00000000c4a00000| PB 0x00000000c4a00000| Untracked 
|  55|0x00000000c4b00000, 0x00000000c4b00000, 0x00000000c4c00000|  0%| F|  |TAMS 0x00000000c4b00000| PB 0x00000000c4b00000| Untracked 
|  56|0x00000000c4c00000, 0x00000000c4c00000, 0x00000000c4d00000|  0%| F|  |TAMS 0x00000000c4c00000| PB 0x00000000c4c00000| Untracked 
|  57|0x00000000c4d00000, 0x00000000c4d00000, 0x00000000c4e00000|  0%| F|  |TAMS 0x00000000c4d00000| PB 0x00000000c4d00000| Untracked 
|  58|0x00000000c4e00000, 0x00000000c4e00000, 0x00000000c4f00000|  0%| F|  |TAMS 0x00000000c4e00000| PB 0x00000000c4e00000| Untracked 
|  59|0x00000000c4f00000, 0x00000000c4f00000, 0x00000000c5000000|  0%| F|  |TAMS 0x00000000c4f00000| PB 0x00000000c4f00000| Untracked 
|  60|0x00000000c5000000, 0x00000000c5000000, 0x00000000c5100000|  0%| F|  |TAMS 0x00000000c5000000| PB 0x00000000c5000000| Untracked 
|  61|0x00000000c5100000, 0x00000000c5100000, 0x00000000c5200000|  0%| F|  |TAMS 0x00000000c5100000| PB 0x00000000c5100000| Untracked 
|  62|0x00000000c5200000, 0x00000000c5200000, 0x00000000c5300000|  0%| F|  |TAMS 0x00000000c5200000| PB 0x00000000c5200000| Untracked 
|  63|0x00000000c5300000, 0x00000000c5300000, 0x00000000c5400000|  0%| F|  |TAMS 0x00000000c5300000| PB 0x00000000c5300000| Untracked 
|  64|0x00000000c5400000, 0x00000000c5400000, 0x00000000c5500000|  0%| F|  |TAMS 0x00000000c5400000| PB 0x00000000c5400000| Untracked 
|  65|0x00000000c5500000, 0x00000000c5500000, 0x00000000c5600000|  0%| F|  |TAMS 0x00000000c5500000| PB 0x00000000c5500000| Untracked 
|  66|0x00000000c5600000, 0x00000000c5600000, 0x00000000c5700000|  0%| F|  |TAMS 0x00000000c5600000| PB 0x00000000c5600000| Untracked 
|  67|0x00000000c5700000, 0x00000000c5700000, 0x00000000c5800000|  0%| F|  |TAMS 0x00000000c5700000| PB 0x00000000c5700000| Untracked 
|  68|0x00000000c5800000, 0x00000000c5800000, 0x00000000c5900000|  0%| F|  |TAMS 0x00000000c5800000| PB 0x00000000c5800000| Untracked 
|  69|0x00000000c5900000, 0x00000000c5900000, 0x00000000c5a00000|  0%| F|  |TAMS 0x00000000c5900000| PB 0x00000000c5900000| Untracked 
|  70|0x00000000c5a00000, 0x00000000c5a00000, 0x00000000c5b00000|  0%| F|  |TAMS 0x00000000c5a00000| PB 0x00000000c5a00000| Untracked 
|  71|0x00000000c5b00000, 0x00000000c5b00000, 0x00000000c5c00000|  0%| F|  |TAMS 0x00000000c5b00000| PB 0x00000000c5b00000| Untracked 
|  72|0x00000000c5c00000, 0x00000000c5c00000, 0x00000000c5d00000|  0%| F|  |TAMS 0x00000000c5c00000| PB 0x00000000c5c00000| Untracked 
|  73|0x00000000c5d00000, 0x00000000c5d00000, 0x00000000c5e00000|  0%| F|  |TAMS 0x00000000c5d00000| PB 0x00000000c5d00000| Untracked 
|  74|0x00000000c5e00000, 0x00000000c5e00000, 0x00000000c5f00000|  0%| F|  |TAMS 0x00000000c5e00000| PB 0x00000000c5e00000| Untracked 
|  75|0x00000000c5f00000, 0x00000000c5f00000, 0x00000000c6000000|  0%| F|  |TAMS 0x00000000c5f00000| PB 0x00000000c5f00000| Untracked 
|  76|0x00000000c6000000, 0x00000000c6000000, 0x00000000c6100000|  0%| F|  |TAMS 0x00000000c6000000| PB 0x00000000c6000000| Untracked 
|  77|0x00000000c6100000, 0x00000000c6100000, 0x00000000c6200000|  0%| F|  |TAMS 0x00000000c6100000| PB 0x00000000c6100000| Untracked 
|  78|0x00000000c6200000, 0x00000000c6200000, 0x00000000c6300000|  0%| F|  |TAMS 0x00000000c6200000| PB 0x00000000c6200000| Untracked 
|  79|0x00000000c6300000, 0x00000000c6300000, 0x00000000c6400000|  0%| F|  |TAMS 0x00000000c6300000| PB 0x00000000c6300000| Untracked 
|  80|0x00000000c6400000, 0x00000000c6400000, 0x00000000c6500000|  0%| F|  |TAMS 0x00000000c6400000| PB 0x00000000c6400000| Untracked 
|  81|0x00000000c6500000, 0x00000000c6500000, 0x00000000c6600000|  0%| F|  |TAMS 0x00000000c6500000| PB 0x00000000c6500000| Untracked 
|  82|0x00000000c6600000, 0x00000000c6600000, 0x00000000c6700000|  0%| F|  |TAMS 0x00000000c6600000| PB 0x00000000c6600000| Untracked 
|  83|0x00000000c6700000, 0x00000000c6700000, 0x00000000c6800000|  0%| F|  |TAMS 0x00000000c6700000| PB 0x00000000c6700000| Untracked 
|  84|0x00000000c6800000, 0x00000000c6800000, 0x00000000c6900000|  0%| F|  |TAMS 0x00000000c6800000| PB 0x00000000c6800000| Untracked 
|  85|0x00000000c6900000, 0x00000000c6900000, 0x00000000c6a00000|  0%| F|  |TAMS 0x00000000c6900000| PB 0x00000000c6900000| Untracked 
|  86|0x00000000c6a00000, 0x00000000c6a00000, 0x00000000c6b00000|  0%| F|  |TAMS 0x00000000c6a00000| PB 0x00000000c6a00000| Untracked 
|  87|0x00000000c6b00000, 0x00000000c6b00000, 0x00000000c6c00000|  0%| F|  |TAMS 0x00000000c6b00000| PB 0x00000000c6b00000| Untracked 
|  88|0x00000000c6c00000, 0x00000000c6c00000, 0x00000000c6d00000|  0%| F|  |TAMS 0x00000000c6c00000| PB 0x00000000c6c00000| Untracked 
|  89|0x00000000c6d00000, 0x00000000c6d00000, 0x00000000c6e00000|  0%| F|  |TAMS 0x00000000c6d00000| PB 0x00000000c6d00000| Untracked 
|  90|0x00000000c6e00000, 0x00000000c6e00000, 0x00000000c6f00000|  0%| F|  |TAMS 0x00000000c6e00000| PB 0x00000000c6e00000| Untracked 
|  91|0x00000000c6f00000, 0x00000000c6fceb08, 0x00000000c7000000| 80%| E|  |TAMS 0x00000000c6f00000| PB 0x00000000c6f00000| Complete 
|  92|0x00000000c7000000, 0x00000000c7100000, 0x00000000c7100000|100%| E|CS|TAMS 0x00000000c7000000| PB 0x00000000c7000000| Complete 
|  93|0x00000000c7100000, 0x00000000c7200000, 0x00000000c7200000|100%| E|CS|TAMS 0x00000000c7100000| PB 0x00000000c7100000| Complete 
|  94|0x00000000c7200000, 0x00000000c7300000, 0x00000000c7300000|100%| E|CS|TAMS 0x00000000c7200000| PB 0x00000000c7200000| Complete 
|  95|0x00000000c7300000, 0x00000000c7400000, 0x00000000c7400000|100%| E|CS|TAMS 0x00000000c7300000| PB 0x00000000c7300000| Complete 
|  96|0x00000000c7400000, 0x00000000c7500000, 0x00000000c7500000|100%| E|CS|TAMS 0x00000000c7400000| PB 0x00000000c7400000| Complete 
|  97|0x00000000c7500000, 0x00000000c7600000, 0x00000000c7600000|100%| E|CS|TAMS 0x00000000c7500000| PB 0x00000000c7500000| Complete 
|  98|0x00000000c7600000, 0x00000000c7700000, 0x00000000c7700000|100%| E|CS|TAMS 0x00000000c7600000| PB 0x00000000c7600000| Complete 
|  99|0x00000000c7700000, 0x00000000c7800000, 0x00000000c7800000|100%| E|CS|TAMS 0x00000000c7700000| PB 0x00000000c7700000| Complete 
| 100|0x00000000c7800000, 0x00000000c7900000, 0x00000000c7900000|100%| E|CS|TAMS 0x00000000c7800000| PB 0x00000000c7800000| Complete 
| 101|0x00000000c7900000, 0x00000000c7a00000, 0x00000000c7a00000|100%| E|CS|TAMS 0x00000000c7900000| PB 0x00000000c7900000| Complete 
| 166|0x00000000cba00000, 0x00000000cbb00000, 0x00000000cbb00000|100%| E|CS|TAMS 0x00000000cba00000| PB 0x00000000cba00000| Complete 
| 167|0x00000000cbb00000, 0x00000000cbc00000, 0x00000000cbc00000|100%| E|CS|TAMS 0x00000000cbb00000| PB 0x00000000cbb00000| Complete 

Card table byte_map: [0x0000023c26370000,0x0000023c26570000] _byte_map_base: 0x0000023c25d66000

Marking Bits: (CMBitMap*) 0x0000023c11891ed0
 Bits: [0x0000023c26570000, 0x0000023c27520000)

Polling page: 0x0000023c11920000

Metaspace:

Usage:
  Non-class:     74.49 MB used.
      Class:     10.47 MB used.
       Both:     84.96 MB used.

Virtual space:
  Non-class space:      128.00 MB reserved,      74.81 MB ( 58%) committed,  2 nodes.
      Class space:        1.00 GB reserved,      10.75 MB (  1%) committed,  1 nodes.
             Both:        1.12 GB reserved,      85.56 MB (  7%) committed. 

Chunk freelists:
   Non-Class:  4.39 MB
       Class:  5.12 MB
        Both:  9.51 MB

MaxMetaspaceSize: unlimited
CompressedClassSpaceSize: 1.00 GB
Initial GC threshold: 21.00 MB
Current GC threshold: 142.50 MB
CDS: off
 - commit_granule_bytes: 65536.
 - commit_granule_words: 8192.
 - virtual_space_node_default_size: 8388608.
 - enlarge_chunks_in_place: 1.
 - use_allocation_guard: 0.


Internal statistics:

num_allocs_failed_limit: 6.
num_arena_births: 1266.
num_arena_deaths: 440.
num_vsnodes_births: 3.
num_vsnodes_deaths: 0.
num_space_committed: 1369.
num_space_uncommitted: 0.
num_chunks_returned_to_freelist: 514.
num_chunks_taken_from_freelist: 4415.
num_chunk_merges: 118.
num_chunk_splits: 2907.
num_chunks_enlarged: 2245.
num_inconsistent_stats: 0.

CodeHeap 'non-profiled nmethods': size=120000Kb used=7580Kb max_used=7580Kb free=112419Kb
 bounds [0x0000023c1e600000, 0x0000023c1ed70000, 0x0000023c25b30000]
CodeHeap 'profiled nmethods': size=120000Kb used=13526Kb max_used=19402Kb free=106473Kb
 bounds [0x0000023c16b30000, 0x0000023c17e30000, 0x0000023c1e060000]
CodeHeap 'non-nmethods': size=5760Kb used=1726Kb max_used=1823Kb free=4033Kb
 bounds [0x0000023c1e060000, 0x0000023c1e2d0000, 0x0000023c1e600000]
 total_blobs=7978 nmethods=7226 adapters=654
 compilation: enabled
              stopped_count=0, restarted_count=0
 full_count=0

Compilation events (20 events):
Event: 6107.471 Thread 0x0000023c2e001200 nmethod 13767 0x0000023c1ed62510 code [0x0000023c1ed62740, 0x0000023c1ed62cc0]
Event: 6107.973 Thread 0x0000023c2e001200 13768       4       java.util.stream.FindOps$FindOp::evaluateSequential (39 bytes)
Event: 6108.007 Thread 0x0000023c2e07e630 13769       3       java.io.FileDescriptor$1::get (5 bytes)
Event: 6108.007 Thread 0x0000023c2e07e630 nmethod 13769 0x0000023c16c61390 code [0x0000023c16c61520, 0x0000023c16c61638]
Event: 6108.179 Thread 0x0000023c2e001200 nmethod 13768 0x0000023c1ed63210 code [0x0000023c1ed63500, 0x0000023c1ed64028]
Event: 6108.179 Thread 0x0000023c2e001200 13770       4       java.util.ArrayDeque::iterator (9 bytes)
Event: 6108.187 Thread 0x0000023c2e001200 nmethod 13770 0x0000023c1ed64c90 code [0x0000023c1ed64e20, 0x0000023c1ed64f60]
Event: 6108.379 Thread 0x0000023c2e001200 13771   !   4       org.apache.coyote.http11.Http11Processor::ack (58 bytes)
Event: 6108.417 Thread 0x0000023c2e001200 nmethod 13771 0x0000023c1ed65090 code [0x0000023c1ed65220, 0x0000023c1ed65378]
Event: 6108.419 Thread 0x0000023c2e001200 13772       4       org.springframework.core.MethodParameter::getNestedParameterType (138 bytes)
Event: 6108.665 Thread 0x0000023c2e001200 nmethod 13772 0x0000023c1ed65510 code [0x0000023c1ed65760, 0x0000023c1ed65eb0]
Event: 6108.782 Thread 0x0000023c2e001200 13773   !   4       org.apache.coyote.http11.Http11OutputBuffer::writeHeaders (103 bytes)
Event: 6109.098 Thread 0x0000023c2e001200 nmethod 13773 0x0000023c1ed66410 code [0x0000023c1ed66680, 0x0000023c1ed67438]
Event: 6109.460 Thread 0x0000023c2e001200 13774       4       org.springframework.aop.support.AopUtils::getTargetClass (55 bytes)
Event: 6109.469 Thread 0x0000023c2e001200 nmethod 13774 0x0000023c1ed68110 code [0x0000023c1ed682a0, 0x0000023c1ed683c8]
Event: 6110.338 Thread 0x0000023c2e001200 13775       4       org.apache.catalina.connector.Response::getResponse (39 bytes)
Event: 6110.350 Thread 0x0000023c2e001200 nmethod 13775 0x0000023c1ed68510 code [0x0000023c1ed686a0, 0x0000023c1ed689e0]
Event: 6110.360 Thread 0x0000023c2e001200 13776       4       org.springframework.security.web.firewall.StrictHttpFirewall$StrictFirewalledRequest::getHeader (27 bytes)
Event: 6110.468 Thread 0x0000023c2e001200 nmethod 13776 0x0000023c1ed68b10 code [0x0000023c1ed68d80, 0x0000023c1ed698a8]
Event: 6110.468 Thread 0x0000023c2e001200 13777   !   4       jakarta.servlet.http.HttpServlet::service (41 bytes)

GC Heap History (20 events):
Event: 5832.451 GC heap before
{Heap before GC invocations=56 (full 0):
 garbage-first heap   total 144384K, used 116016K [0x00000000c1400000, 0x0000000100000000)
  region size 1024K, 84 young (86016K), 1 survivors (1024K)
 Metaspace       used 86977K, committed 87616K, reserved 1179648K
  class space    used 10715K, committed 11008K, reserved 1048576K
}
Event: 5833.043 GC heap after
{Heap after GC invocations=57 (full 0):
 garbage-first heap   total 144384K, used 31031K [0x00000000c1400000, 0x0000000100000000)
  region size 1024K, 1 young (1024K), 1 survivors (1024K)
 Metaspace       used 86977K, committed 87616K, reserved 1179648K
  class space    used 10715K, committed 11008K, reserved 1048576K
}
Event: 5876.125 GC heap before
{Heap before GC invocations=58 (full 0):
 garbage-first heap   total 106496K, used 47415K [0x00000000c1400000, 0x0000000100000000)
  region size 1024K, 17 young (17408K), 1 survivors (1024K)
 Metaspace       used 86977K, committed 87616K, reserved 1179648K
  class space    used 10715K, committed 11008K, reserved 1048576K
}
Event: 5876.592 GC heap after
{Heap after GC invocations=59 (full 0):
 garbage-first heap   total 106496K, used 31022K [0x00000000c1400000, 0x0000000100000000)
  region size 1024K, 1 young (1024K), 1 survivors (1024K)
 Metaspace       used 86977K, committed 87616K, reserved 1179648K
  class space    used 10715K, committed 11008K, reserved 1048576K
}
Event: 5879.970 GC heap before
{Heap before GC invocations=59 (full 0):
 garbage-first heap   total 106496K, used 35118K [0x00000000c1400000, 0x0000000100000000)
  region size 1024K, 5 young (5120K), 1 survivors (1024K)
 Metaspace       used 86977K, committed 87616K, reserved 1179648K
  class space    used 10715K, committed 11008K, reserved 1048576K
}
Event: 5880.215 GC heap after
{Heap after GC invocations=60 (full 0):
 garbage-first heap   total 106496K, used 30671K [0x00000000c1400000, 0x0000000100000000)
  region size 1024K, 1 young (1024K), 1 survivors (1024K)
 Metaspace       used 86977K, committed 87616K, reserved 1179648K
  class space    used 10715K, committed 11008K, reserved 1048576K
}
Event: 5881.889 GC heap before
{Heap before GC invocations=60 (full 0):
 garbage-first heap   total 106496K, used 34767K [0x00000000c1400000, 0x0000000100000000)
  region size 1024K, 5 young (5120K), 1 survivors (1024K)
 Metaspace       used 86977K, committed 87616K, reserved 1179648K
  class space    used 10715K, committed 11008K, reserved 1048576K
}
Event: 5882.039 GC heap after
{Heap after GC invocations=61 (full 0):
 garbage-first heap   total 106496K, used 30468K [0x00000000c1400000, 0x0000000100000000)
  region size 1024K, 1 young (1024K), 1 survivors (1024K)
 Metaspace       used 86977K, committed 87616K, reserved 1179648K
  class space    used 10715K, committed 11008K, reserved 1048576K
}
Event: 5944.647 GC heap before
{Heap before GC invocations=61 (full 0):
 garbage-first heap   total 106496K, used 91908K [0x00000000c1400000, 0x0000000100000000)
  region size 1024K, 62 young (63488K), 1 survivors (1024K)
 Metaspace       used 86979K, committed 87616K, reserved 1179648K
  class space    used 10715K, committed 11008K, reserved 1048576K
}
Event: 5944.781 GC heap after
{Heap after GC invocations=62 (full 0):
 garbage-first heap   total 106496K, used 30365K [0x00000000c1400000, 0x0000000100000000)
  region size 1024K, 1 young (1024K), 1 survivors (1024K)
 Metaspace       used 86979K, committed 87616K, reserved 1179648K
  class space    used 10715K, committed 11008K, reserved 1048576K
}
Event: 5958.287 GC heap before
{Heap before GC invocations=63 (full 0):
 garbage-first heap   total 106496K, used 35485K [0x00000000c1400000, 0x0000000100000000)
  region size 1024K, 6 young (6144K), 1 survivors (1024K)
 Metaspace       used 86988K, committed 87616K, reserved 1179648K
  class space    used 10716K, committed 11008K, reserved 1048576K
}
Event: 5958.300 GC heap after
{Heap after GC invocations=64 (full 0):
 garbage-first heap   total 106496K, used 30507K [0x00000000c1400000, 0x0000000100000000)
  region size 1024K, 1 young (1024K), 1 survivors (1024K)
 Metaspace       used 86988K, committed 87616K, reserved 1179648K
  class space    used 10716K, committed 11008K, reserved 1048576K
}
Event: 5960.688 GC heap before
{Heap before GC invocations=64 (full 0):
 garbage-first heap   total 106496K, used 35627K [0x00000000c1400000, 0x0000000100000000)
  region size 1024K, 6 young (6144K), 1 survivors (1024K)
 Metaspace       used 86988K, committed 87616K, reserved 1179648K
  class space    used 10716K, committed 11008K, reserved 1048576K
}
Event: 5960.729 GC heap after
{Heap after GC invocations=65 (full 0):
 garbage-first heap   total 106496K, used 30419K [0x00000000c1400000, 0x0000000100000000)
  region size 1024K, 1 young (1024K), 1 survivors (1024K)
 Metaspace       used 86988K, committed 87616K, reserved 1179648K
  class space    used 10716K, committed 11008K, reserved 1048576K
}
Event: 5964.324 GC heap before
{Heap before GC invocations=65 (full 0):
 garbage-first heap   total 106496K, used 34515K [0x00000000c1400000, 0x0000000100000000)
  region size 1024K, 5 young (5120K), 1 survivors (1024K)
 Metaspace       used 86988K, committed 87616K, reserved 1179648K
  class space    used 10716K, committed 11008K, reserved 1048576K
}
Event: 5964.353 GC heap after
{Heap after GC invocations=66 (full 0):
 garbage-first heap   total 172032K, used 30142K [0x00000000c1400000, 0x0000000100000000)
  region size 1024K, 1 young (1024K), 1 survivors (1024K)
 Metaspace       used 86988K, committed 87616K, reserved 1179648K
  class space    used 10716K, committed 11008K, reserved 1048576K
}
Event: 6062.715 GC heap before
{Heap before GC invocations=66 (full 0):
 garbage-first heap   total 172032K, used 130494K [0x00000000c1400000, 0x0000000100000000)
  region size 1024K, 100 young (102400K), 1 survivors (1024K)
 Metaspace       used 86992K, committed 87616K, reserved 1179648K
  class space    used 10716K, committed 11008K, reserved 1048576K
}
Event: 6062.914 GC heap after
{Heap after GC invocations=67 (full 0):
 garbage-first heap   total 172032K, used 30255K [0x00000000c1400000, 0x0000000100000000)
  region size 1024K, 1 young (1024K), 1 survivors (1024K)
 Metaspace       used 86992K, committed 87616K, reserved 1179648K
  class space    used 10716K, committed 11008K, reserved 1048576K
}
Event: 6108.026 GC heap before
{Heap before GC invocations=68 (full 0):
 garbage-first heap   total 106496K, used 92719K [0x00000000c1400000, 0x0000000100000000)
  region size 1024K, 62 young (63488K), 1 survivors (1024K)
 Metaspace       used 86997K, committed 87616K, reserved 1179648K
  class space    used 10716K, committed 11008K, reserved 1048576K
}
Event: 6108.176 GC heap after
{Heap after GC invocations=69 (full 0):
 garbage-first heap   total 106496K, used 30233K [0x00000000c1400000, 0x0000000100000000)
  region size 1024K, 1 young (1024K), 1 survivors (1024K)
 Metaspace       used 86997K, committed 87616K, reserved 1179648K
  class space    used 10716K, committed 11008K, reserved 1048576K
}

Dll operation events (11 events):
Event: 0.101 Loaded shared library C:\Users\HP\Downloads\sts-4.25.0.RELEASE\plugins\org.eclipse.justj.openjdk.hotspot.jre.full.win32.x86_64_21.0.4.v20240802-1551\jre\bin\java.dll
Event: 0.126 Loaded shared library C:\Users\HP\Downloads\sts-4.25.0.RELEASE\plugins\org.eclipse.justj.openjdk.hotspot.jre.full.win32.x86_64_21.0.4.v20240802-1551\jre\bin\zip.dll
Event: 0.747 Loaded shared library C:\Users\HP\Downloads\sts-4.25.0.RELEASE\plugins\org.eclipse.justj.openjdk.hotspot.jre.full.win32.x86_64_21.0.4.v20240802-1551\jre\bin\net.dll
Event: 0.758 Loaded shared library C:\Users\HP\Downloads\sts-4.25.0.RELEASE\plugins\org.eclipse.justj.openjdk.hotspot.jre.full.win32.x86_64_21.0.4.v20240802-1551\jre\bin\nio.dll
Event: 0.776 Loaded shared library C:\Users\HP\Downloads\sts-4.25.0.RELEASE\plugins\org.eclipse.justj.openjdk.hotspot.jre.full.win32.x86_64_21.0.4.v20240802-1551\jre\bin\zip.dll
Event: 8.695 Loaded shared library C:\Users\HP\Downloads\sts-4.25.0.RELEASE\plugins\org.eclipse.justj.openjdk.hotspot.jre.full.win32.x86_64_21.0.4.v20240802-1551\jre\bin\jimage.dll
Event: 13.371 Loaded shared library C:\Users\HP\Downloads\sts-4.25.0.RELEASE\plugins\org.eclipse.justj.openjdk.hotspot.jre.full.win32.x86_64_21.0.4.v20240802-1551\jre\bin\sunmscapi.dll
Event: 27.305 Loaded shared library C:\Users\HP\Downloads\sts-4.25.0.RELEASE\plugins\org.eclipse.justj.openjdk.hotspot.jre.full.win32.x86_64_21.0.4.v20240802-1551\jre\bin\management.dll
Event: 27.322 Loaded shared library C:\Users\HP\Downloads\sts-4.25.0.RELEASE\plugins\org.eclipse.justj.openjdk.hotspot.jre.full.win32.x86_64_21.0.4.v20240802-1551\jre\bin\management_ext.dll
Event: 29.638 Loaded shared library C:\Users\HP\Downloads\sts-4.25.0.RELEASE\plugins\org.eclipse.justj.openjdk.hotspot.jre.full.win32.x86_64_21.0.4.v20240802-1551\jre\bin\verify.dll
Event: 30.648 Loaded shared library C:\Users\HP\Downloads\sts-4.25.0.RELEASE\plugins\org.eclipse.justj.openjdk.hotspot.jre.full.win32.x86_64_21.0.4.v20240802-1551\jre\bin\extnet.dll

Deoptimization events (20 events):
Event: 5969.971 Thread 0x0000023c31bf0130 Uncommon trap: trap_request=0xffffffd6 fr.pc=0x0000023c1eccfce0 relative=0x0000000000000360
Event: 5969.971 Thread 0x0000023c31bf0130 Uncommon trap: reason=array_check action=maybe_recompile pc=0x0000023c1eccfce0 method=org.hibernate.sql.results.graph.internal.ImmutableFetchList$Builder.add(Lorg/hibernate/sql/results/graph/Fetch;)V @ 16 c2
Event: 5969.971 Thread 0x0000023c31bf0130 DEOPT PACKING pc=0x0000023c1eccfce0 sp=0x000000b5062f9b80
Event: 5969.971 Thread 0x0000023c31bf0130 DEOPT UNPACKING pc=0x0000023c1e0b46a2 sp=0x000000b5062f9a98 mode 2
Event: 5978.213 Thread 0x0000023c306f2e90 Uncommon trap: trap_request=0xffffffbe fr.pc=0x0000023c1ed071d0 relative=0x0000000000000290
Event: 5978.213 Thread 0x0000023c306f2e90 Uncommon trap: reason=profile_predicate action=maybe_recompile pc=0x0000023c1ed071d0 method=org.hibernate.sql.results.graph.FetchList.containsCollectionFetches()Z @ 13 c2
Event: 5978.213 Thread 0x0000023c306f2e90 DEOPT PACKING pc=0x0000023c1ed071d0 sp=0x000000b5068f9880
Event: 5978.213 Thread 0x0000023c306f2e90 DEOPT UNPACKING pc=0x0000023c1e0b46a2 sp=0x000000b5068f9808 mode 2
Event: 5978.263 Thread 0x0000023c31632fa0 Uncommon trap: trap_request=0xffffffbe fr.pc=0x0000023c1ed071d0 relative=0x0000000000000290
Event: 5978.263 Thread 0x0000023c31632fa0 Uncommon trap: reason=profile_predicate action=maybe_recompile pc=0x0000023c1ed071d0 method=org.hibernate.sql.results.graph.FetchList.containsCollectionFetches()Z @ 13 c2
Event: 5978.264 Thread 0x0000023c31632fa0 DEOPT PACKING pc=0x0000023c1ed071d0 sp=0x000000b5060f9590
Event: 5978.264 Thread 0x0000023c31632fa0 DEOPT UNPACKING pc=0x0000023c1e0b46a2 sp=0x000000b5060f9518 mode 2
Event: 5978.393 Thread 0x0000023c306f0730 Uncommon trap: trap_request=0xffffffbe fr.pc=0x0000023c1ed071d0 relative=0x0000000000000290
Event: 5978.393 Thread 0x0000023c306f0730 Uncommon trap: reason=profile_predicate action=maybe_recompile pc=0x0000023c1ed071d0 method=org.hibernate.sql.results.graph.FetchList.containsCollectionFetches()Z @ 13 c2
Event: 5978.393 Thread 0x0000023c306f0730 DEOPT PACKING pc=0x0000023c1ed071d0 sp=0x000000b5066f9bb0
Event: 5978.393 Thread 0x0000023c306f0730 DEOPT UNPACKING pc=0x0000023c1e0b46a2 sp=0x000000b5066f9b38 mode 2
Event: 5978.543 Thread 0x0000023c306f3520 Uncommon trap: trap_request=0xffffffbe fr.pc=0x0000023c1ed071d0 relative=0x0000000000000290
Event: 5978.543 Thread 0x0000023c306f3520 Uncommon trap: reason=profile_predicate action=maybe_recompile pc=0x0000023c1ed071d0 method=org.hibernate.sql.results.graph.FetchList.containsCollectionFetches()Z @ 13 c2
Event: 5978.543 Thread 0x0000023c306f3520 DEOPT PACKING pc=0x0000023c1ed071d0 sp=0x000000b5064f96c0
Event: 5978.543 Thread 0x0000023c306f3520 DEOPT UNPACKING pc=0x0000023c1e0b46a2 sp=0x000000b5064f9648 mode 2

Classes loaded (20 events):
Event: 1789.132 Loading class javax/crypto/BadPaddingException
Event: 1789.136 Loading class javax/crypto/BadPaddingException done
Event: 1789.140 Loading class javax/net/ssl/SSLSocket
Event: 1789.161 Loading class javax/net/ssl/SSLSocket done
Event: 4401.213 Loading class java/time/format/DateTimeParseContext
Event: 4401.350 Loading class java/time/format/DateTimeParseContext done
Event: 4401.350 Loading class java/time/format/Parsed
Event: 4401.442 Loading class java/time/format/Parsed done
Event: 4402.674 Loading class jdk/internal/reflect/MethodHandleDoubleFieldAccessorImpl
Event: 4402.702 Loading class jdk/internal/reflect/MethodHandleDoubleFieldAccessorImpl done
Event: 4528.374 Loading class jdk/internal/reflect/MethodHandleLongFieldAccessorImpl
Event: 4528.379 Loading class jdk/internal/reflect/MethodHandleLongFieldAccessorImpl done
Event: 4573.216 Loading class sun/nio/cs/Surrogate$Parser
Event: 4573.238 Loading class sun/nio/cs/Surrogate$Parser done
Event: 4573.238 Loading class sun/nio/cs/Surrogate
Event: 4573.249 Loading class sun/nio/cs/Surrogate done
Event: 5538.230 Loading class java/util/concurrent/atomic/Striped64$Cell
Event: 5538.703 Loading class java/util/concurrent/atomic/Striped64$Cell done
Event: 5652.251 Loading class sun/util/locale/LocaleExtensions
Event: 5653.182 Loading class sun/util/locale/LocaleExtensions done

Classes unloaded (20 events):
Event: 5590.429 Thread 0x0000023c29b15410 Unloading class 0x0000000100191800 'java/lang/invoke/LambdaForm$MH+0x0000000100191800'
Event: 5590.429 Thread 0x0000023c29b15410 Unloading class 0x0000000100198000 'java/lang/invoke/LambdaForm$MH+0x0000000100198000'
Event: 5590.429 Thread 0x0000023c29b15410 Unloading class 0x0000000100198800 'java/lang/invoke/LambdaForm$MH+0x0000000100198800'
Event: 5590.431 Thread 0x0000023c29b15410 Unloading class 0x00000001001b0c00 'java/lang/invoke/LambdaForm$MH+0x00000001001b0c00'
Event: 5590.433 Thread 0x0000023c29b15410 Unloading class 0x00000001009b0c00 'java/lang/invoke/LambdaForm$MH+0x00000001009b0c00'
Event: 5590.433 Thread 0x0000023c29b15410 Unloading class 0x0000000100a68800 'java/lang/invoke/LambdaForm$MH+0x0000000100a68800'
Event: 5590.433 Thread 0x0000023c29b15410 Unloading class 0x0000000100a6a000 'java/lang/invoke/LambdaForm$MH+0x0000000100a6a000'
Event: 5590.433 Thread 0x0000023c29b15410 Unloading class 0x0000000100a6ac00 'java/lang/invoke/LambdaForm$MH+0x0000000100a6ac00'
Event: 5590.433 Thread 0x0000023c29b15410 Unloading class 0x00000001001b3c00 'java/lang/invoke/LambdaForm$MH+0x00000001001b3c00'
Event: 5590.433 Thread 0x0000023c29b15410 Unloading class 0x00000001001d5c00 'java/lang/invoke/LambdaForm$MH+0x00000001001d5c00'
Event: 5590.433 Thread 0x0000023c29b15410 Unloading class 0x0000000100394800 'java/lang/invoke/LambdaForm$BMH+0x0000000100394800'
Event: 5590.433 Thread 0x0000023c29b15410 Unloading class 0x00000001003a4000 'java/lang/invoke/LambdaForm$BMH+0x00000001003a4000'
Event: 5590.435 Thread 0x0000023c29b15410 Unloading class 0x000000010048d400 'java/lang/invoke/LambdaForm$BMH+0x000000010048d400'
Event: 5590.436 Thread 0x0000023c29b15410 Unloading class 0x00000001004c1c00 'java/lang/invoke/LambdaForm$MH+0x00000001004c1c00'
Event: 5590.436 Thread 0x0000023c29b15410 Unloading class 0x00000001006bc000 'java/lang/invoke/LambdaForm$BMH+0x00000001006bc000'
Event: 5590.437 Thread 0x0000023c29b15410 Unloading class 0x00000001006bd800 'java/lang/invoke/LambdaForm$MH+0x00000001006bd800'
Event: 5590.438 Thread 0x0000023c29b15410 Unloading class 0x0000000100894800 'java/lang/invoke/LambdaForm$BMH+0x0000000100894800'
Event: 5590.438 Thread 0x0000023c29b15410 Unloading class 0x0000000100896c00 'java/lang/invoke/LambdaForm$BMH+0x0000000100896c00'
Event: 5590.439 Thread 0x0000023c29b15410 Unloading class 0x000000010094c800 'java/lang/invoke/LambdaForm$MH+0x000000010094c800'
Event: 5590.440 Thread 0x0000023c29b15410 Unloading class 0x0000000100964800 'java/lang/invoke/LambdaForm$MH+0x0000000100964800'

Classes redefined (0 events):
No events

Internal exceptions (20 events):
Event: 4403.050 Thread 0x0000023c306f2e90 Exception <a 'java/lang/NoSuchMethodError'{0x00000000c5381128}: 'int java.lang.invoke.DirectMethodHandle$Holder.invokeStatic(java.lang.Object, java.lang.Object, int, int)'> (0x00000000c5381128) 
thrown [s\src\hotspot\share\interpreter\linkResolver.cpp, line 773]
Event: 4403.202 Thread 0x0000023c306f2e90 Implicit null exception at 0x0000023c1e9182b7 to 0x0000023c1e91b244
Event: 4403.555 Thread 0x0000023c306f2e90 Exception <a 'java/lang/NoSuchMethodError'{0x00000000c5342c38}: 'int java.lang.invoke.Invokers$Holder.invokeExact_MT(java.lang.Object, java.lang.Object, java.lang.Object)'> (0x00000000c5342c38) 
thrown [s\src\hotspot\share\interpreter\linkResolver.cpp, line 773]
Event: 4403.774 Thread 0x0000023c306f2e90 Exception <a 'java/lang/IncompatibleClassChangeError'{0x00000000c53c8df8}: Found class java.lang.Object, but interface was expected> (0x00000000c53c8df8) 
thrown [s\src\hotspot\share\interpreter\linkResolver.cpp, line 840]
Event: 4404.229 Thread 0x0000023c306f2e90 Implicit null exception at 0x0000023c1e920eeb to 0x0000023c1e921598
Event: 4404.325 Thread 0x0000023c306f2e90 Exception <a 'java/lang/NoSuchMethodError'{0x00000000c4b4cb40}: 'double java.lang.invoke.DirectMethodHandle$Holder.invokeVirtual(java.lang.Object, java.lang.Object)'> (0x00000000c4b4cb40) 
thrown [s\src\hotspot\share\interpreter\linkResolver.cpp, line 773]
Event: 4528.383 Thread 0x0000023c32bc1010 Exception <a 'java/lang/NoSuchMethodError'{0x00000000c498e350}: 'long java.lang.invoke.DelegatingMethodHandle$Holder.reinvoke_L(java.lang.Object, java.lang.Object)'> (0x00000000c498e350) 
thrown [s\src\hotspot\share\interpreter\linkResolver.cpp, line 773]
Event: 4528.386 Thread 0x0000023c32bc1010 Exception <a 'java/lang/NoSuchMethodError'{0x00000000c499a710}: 'void java.lang.invoke.DelegatingMethodHandle$Holder.reinvoke_L(java.lang.Object, java.lang.Object, long)'> (0x00000000c499a710) 
thrown [s\src\hotspot\share\interpreter\linkResolver.cpp, line 773]
Event: 4571.756 Thread 0x0000023c2f1e8330 Exception <a 'java/lang/NoSuchMethodError'{0x00000000c6e1d2f0}: 'long java.lang.invoke.DirectMethodHandle$Holder.invokeStatic(java.lang.Object, java.lang.Object, int)'> (0x00000000c6e1d2f0) 
thrown [s\src\hotspot\share\interpreter\linkResolver.cpp, line 773]
Event: 4573.265 Thread 0x0000023c2f1e8330 Exception <a 'java/lang/NoSuchMethodError'{0x00000000c6e8f0b0}: 'long java.lang.invoke.Invokers$Holder.invokeExact_MT(java.lang.Object, java.lang.Object, java.lang.Object)'> (0x00000000c6e8f0b0) 
thrown [s\src\hotspot\share\interpreter\linkResolver.cpp, line 773]
Event: 4573.700 Thread 0x0000023c2f1e8330 Exception <a 'java/lang/NoSuchMethodError'{0x00000000c6eef010}: 'void java.lang.invoke.DirectMethodHandle$Holder.invokeStatic(java.lang.Object, int, java.lang.Object, java.lang.Object, java.lang.Object, java.lang.Object)'> (0x00000000c6eef010) 
thrown [s\src\hotspot\share\interpreter\linkResolver.cpp, line 773]
Event: 4589.503 Thread 0x0000023c32bc1010 Exception <a 'java/lang/NoSuchMethodError'{0x00000000c6d9e670}: 'int java.lang.invoke.DirectMethodHandle$Holder.invokeStatic(java.lang.Object, java.lang.Object, int, java.lang.Object)'> (0x00000000c6d9e670) 
thrown [s\src\hotspot\share\interpreter\linkResolver.cpp, line 773]
Event: 4594.687 Thread 0x0000023c306f2170 Exception <a 'java/lang/NoSuchMethodError'{0x00000000c6c15488}: 'java.lang.Object java.lang.invoke.DirectMethodHandle$Holder.invokeInterface(java.lang.Object, java.lang.Object, java.lang.Object, java.lang.Object, java.lang.Object)'> (0x00000000c6c15488) 
thrown [s\src\hotspot\share\interpreter\linkResolver.cpp, line 773]
Event: 4594.767 Thread 0x0000023c306f2170 Implicit null exception at 0x0000023c1e8b27d6 to 0x0000023c1e8b307c
Event: 4594.768 Thread 0x0000023c306f2170 Implicit null exception at 0x0000023c1e7ba0cd to 0x0000023c1e7bbf34
Event: 5419.838 Thread 0x0000023c2f37c030 Implicit null exception at 0x0000023c1e6a9760 to 0x0000023c1e6a9a38
Event: 5420.732 Thread 0x0000023c2f37c030 Implicit null exception at 0x0000023c1e6a9760 to 0x0000023c1e6a9a38
Event: 5421.694 Thread 0x0000023c2f37c030 Implicit null exception at 0x0000023c1e6a9760 to 0x0000023c1e6a9a38
Event: 5422.708 Thread 0x0000023c300b9380 Implicit null exception at 0x0000023c1e6a9760 to 0x0000023c1e6a9a38
Event: 5423.692 Thread 0x0000023c300b9380 Implicit null exception at 0x0000023c1e63b057 to 0x0000023c1e63b33c

ZGC Phase Switch (0 events):
No events

VM Operations (20 events):
Event: 6064.185 Executing VM operation: G1PauseCleanup
Event: 6064.251 Executing VM operation: G1PauseCleanup done
Event: 6067.268 Executing VM operation: Cleanup
Event: 6067.268 Executing VM operation: Cleanup done
Event: 6069.295 Executing VM operation: Cleanup
Event: 6069.295 Executing VM operation: Cleanup done
Event: 6072.322 Executing VM operation: Cleanup
Event: 6072.322 Executing VM operation: Cleanup done
Event: 6075.497 Executing VM operation: HandshakeAllThreads (HandshakeForDeflation)
Event: 6075.499 Executing VM operation: HandshakeAllThreads (HandshakeForDeflation) done
Event: 6075.499 Executing VM operation: RendezvousGCThreads
Event: 6075.499 Executing VM operation: RendezvousGCThreads done
Event: 6086.584 Executing VM operation: Cleanup
Event: 6086.584 Executing VM operation: Cleanup done
Event: 6105.732 Executing VM operation: Cleanup
Event: 6105.732 Executing VM operation: Cleanup done
Event: 6108.023 Executing VM operation: G1CollectForAllocation (G1 Evacuation Pause)
Event: 6108.176 Executing VM operation: G1CollectForAllocation (G1 Evacuation Pause) done
Event: 6109.189 Executing VM operation: Cleanup
Event: 6109.189 Executing VM operation: Cleanup done

Memory protections (0 events):
No events

Nmethod flushes (20 events):
Event: 6064.074 Thread 0x0000023c29b15410 flushing  nmethod 0x0000023c17169010
Event: 6064.074 Thread 0x0000023c29b15410 flushing  nmethod 0x0000023c17173e90
Event: 6064.076 Thread 0x0000023c29b15410 flushing  nmethod 0x0000023c17233d90
Event: 6064.078 Thread 0x0000023c29b15410 flushing  nmethod 0x0000023c17372990
Event: 6064.078 Thread 0x0000023c29b15410 flushing  nmethod 0x0000023c17373a90
Event: 6064.078 Thread 0x0000023c29b15410 flushing  nmethod 0x0000023c173d0490
Event: 6064.078 Thread 0x0000023c29b15410 flushing  nmethod 0x0000023c173d1890
Event: 6064.078 Thread 0x0000023c29b15410 flushing  nmethod 0x0000023c173dc490
Event: 6064.078 Thread 0x0000023c29b15410 flushing  nmethod 0x0000023c173dd210
Event: 6064.078 Thread 0x0000023c29b15410 flushing  nmethod 0x0000023c173e3d10
Event: 6064.079 Thread 0x0000023c29b15410 flushing  nmethod 0x0000023c17553f10
Event: 6064.080 Thread 0x0000023c29b15410 flushing  nmethod 0x0000023c17554e10
Event: 6064.080 Thread 0x0000023c29b15410 flushing  nmethod 0x0000023c1755c910
Event: 6064.080 Thread 0x0000023c29b15410 flushing  nmethod 0x0000023c17734090
Event: 6064.081 Thread 0x0000023c29b15410 flushing  nmethod 0x0000023c17748010
Event: 6064.081 Thread 0x0000023c29b15410 flushing  nmethod 0x0000023c17748610
Event: 6064.081 Thread 0x0000023c29b15410 flushing  nmethod 0x0000023c1774ed90
Event: 6064.088 Thread 0x0000023c29b15410 flushing  nmethod 0x0000023c17750f90
Event: 6064.088 Thread 0x0000023c29b15410 flushing  nmethod 0x0000023c17810610
Event: 6064.088 Thread 0x0000023c29b15410 flushing  nmethod 0x0000023c17870b10

Events (20 events):
Event: 5366.107 Thread 0x0000023c3129a020 Thread added: 0x0000023c32246e20
Event: 5366.122 Thread 0x0000023c32246e20 Thread added: 0x0000023c3224e440
Event: 5371.159 Thread 0x0000023c32246e20 Thread exited: 0x0000023c32246e20
Event: 5371.236 Thread 0x0000023c3224e440 Thread exited: 0x0000023c3224e440
Event: 5372.207 Thread 0x0000023c3129a020 Thread added: 0x0000023c32248860
Event: 5372.221 Thread 0x0000023c32248860 Thread added: 0x0000023c322474b0
Event: 5377.242 Thread 0x0000023c32248860 Thread exited: 0x0000023c32248860
Event: 5377.446 Thread 0x0000023c322474b0 Thread exited: 0x0000023c322474b0
Event: 5379.663 Thread 0x0000023c3129a020 Thread added: 0x0000023c3224a930
Event: 5379.685 Thread 0x0000023c3224a930 Thread added: 0x0000023c3224afc0
Event: 5384.771 Thread 0x0000023c3224a930 Thread exited: 0x0000023c3224a930
Event: 5384.780 Thread 0x0000023c3224afc0 Thread exited: 0x0000023c3224afc0
Event: 5391.264 Thread 0x0000023c3129a020 Thread added: 0x0000023c3224a930
Event: 5391.288 Thread 0x0000023c3224a930 Thread added: 0x0000023c32246e20
Event: 5400.901 Thread 0x0000023c3224a930 Thread exited: 0x0000023c3224a930
Event: 5401.444 Thread 0x0000023c32246e20 Thread exited: 0x0000023c32246e20
Event: 5417.547 Thread 0x0000023c3129a020 Thread added: 0x0000023c3224ddb0
Event: 5419.192 Thread 0x0000023c3224ddb0 Thread added: 0x0000023c32248ef0
Event: 5424.200 Thread 0x0000023c3224ddb0 Thread exited: 0x0000023c3224ddb0
Event: 5424.347 Thread 0x0000023c32248ef0 Thread exited: 0x0000023c32248ef0


Dynamic libraries:
0x00007ff77e190000 - 0x00007ff77e19e000 	C:\Users\HP\Downloads\sts-4.25.0.RELEASE\plugins\org.eclipse.justj.openjdk.hotspot.jre.full.win32.x86_64_21.0.4.v20240802-1551\jre\bin\javaw.exe
0x00007fff208b0000 - 0x00007fff20aa8000 	C:\Windows\SYSTEM32\ntdll.dll
0x00007fff1f7e0000 - 0x00007fff1f8a2000 	C:\Windows\System32\KERNEL32.DLL
0x00007fff1df40000 - 0x00007fff1e236000 	C:\Windows\System32\KERNELBASE.dll
0x00007fff1e7d0000 - 0x00007fff1e8d0000 	C:\Windows\System32\ucrtbase.dll
0x00007fff0c980000 - 0x00007fff0c99b000 	C:\Users\HP\Downloads\sts-4.25.0.RELEASE\plugins\org.eclipse.justj.openjdk.hotspot.jre.full.win32.x86_64_21.0.4.v20240802-1551\jre\bin\VCRUNTIME140.dll
0x00007fff0b000000 - 0x00007fff0b018000 	C:\Users\HP\Downloads\sts-4.25.0.RELEASE\plugins\org.eclipse.justj.openjdk.hotspot.jre.full.win32.x86_64_21.0.4.v20240802-1551\jre\bin\jli.dll
0x00007fff201a0000 - 0x00007fff2033d000 	C:\Windows\System32\USER32.dll
0x00007fff1e7a0000 - 0x00007fff1e7c2000 	C:\Windows\System32\win32u.dll
0x00007fff1e8d0000 - 0x00007fff1e8fb000 	C:\Windows\System32\GDI32.dll
0x00007fff08cd0000 - 0x00007fff08f6a000 	C:\Windows\WinSxS\amd64_microsoft.windows.common-controls_6595b64144ccf1df_6.0.19041.4355_none_60b8b9eb71f62e16\COMCTL32.dll
0x00007fff1e680000 - 0x00007fff1e79a000 	C:\Windows\System32\gdi32full.dll
0x00007fff1e550000 - 0x00007fff1e5ed000 	C:\Windows\System32\msvcp_win.dll
0x00007fff1eae0000 - 0x00007fff1eb7e000 	C:\Windows\System32\msvcrt.dll
0x00007fff1f8b0000 - 0x00007fff1f8df000 	C:\Windows\System32\IMM32.DLL
0x00007fff0c9d0000 - 0x00007fff0c9dc000 	C:\Users\HP\Downloads\sts-4.25.0.RELEASE\plugins\org.eclipse.justj.openjdk.hotspot.jre.full.win32.x86_64_21.0.4.v20240802-1551\jre\bin\vcruntime140_1.dll
0x00007ffec5c50000 - 0x00007ffec5cde000 	C:\Users\HP\Downloads\sts-4.25.0.RELEASE\plugins\org.eclipse.justj.openjdk.hotspot.jre.full.win32.x86_64_21.0.4.v20240802-1551\jre\bin\msvcp140.dll
0x00007ffebda10000 - 0x00007ffebe798000 	C:\Users\HP\Downloads\sts-4.25.0.RELEASE\plugins\org.eclipse.justj.openjdk.hotspot.jre.full.win32.x86_64_21.0.4.v20240802-1551\jre\bin\server\jvm.dll
0x00007fff1f420000 - 0x00007fff1f4cf000 	C:\Windows\System32\ADVAPI32.dll
0x00007fff20340000 - 0x00007fff203df000 	C:\Windows\System32\sechost.dll
0x00007fff1f620000 - 0x00007fff1f743000 	C:\Windows\System32\RPCRT4.dll
0x00007fff1e240000 - 0x00007fff1e267000 	C:\Windows\System32\bcrypt.dll
0x00007fff1faa0000 - 0x00007fff1fb0b000 	C:\Windows\System32\WS2_32.dll
0x00007fff1d490000 - 0x00007fff1d4db000 	C:\Windows\SYSTEM32\POWRPROF.dll
0x00007fff08ff0000 - 0x00007fff09017000 	C:\Windows\SYSTEM32\WINMM.dll
0x00007fff18ae0000 - 0x00007fff18aea000 	C:\Windows\SYSTEM32\VERSION.dll
0x00007fff1d300000 - 0x00007fff1d312000 	C:\Windows\SYSTEM32\UMPDC.dll
0x00007fff1c720000 - 0x00007fff1c732000 	C:\Windows\SYSTEM32\kernel.appcore.dll
0x00007fff0b960000 - 0x00007fff0b96a000 	C:\Users\HP\Downloads\sts-4.25.0.RELEASE\plugins\org.eclipse.justj.openjdk.hotspot.jre.full.win32.x86_64_21.0.4.v20240802-1551\jre\bin\jimage.dll
0x00007fff1bc80000 - 0x00007fff1be64000 	C:\Windows\SYSTEM32\DBGHELP.DLL
0x00007fff14270000 - 0x00007fff142a4000 	C:\Windows\SYSTEM32\dbgcore.DLL
0x00007fff1e5f0000 - 0x00007fff1e672000 	C:\Windows\System32\bcryptPrimitives.dll
0x00007fff0aef0000 - 0x00007fff0af0f000 	C:\Users\HP\Downloads\sts-4.25.0.RELEASE\plugins\org.eclipse.justj.openjdk.hotspot.jre.full.win32.x86_64_21.0.4.v20240802-1551\jre\bin\java.dll
0x00007ffef2140000 - 0x00007ffef2158000 	C:\Users\HP\Downloads\sts-4.25.0.RELEASE\plugins\org.eclipse.justj.openjdk.hotspot.jre.full.win32.x86_64_21.0.4.v20240802-1551\jre\bin\zip.dll
0x00007fff1eb80000 - 0x00007fff1f2ef000 	C:\Windows\System32\SHELL32.dll
0x00007fff1bf60000 - 0x00007fff1c703000 	C:\Windows\SYSTEM32\windows.storage.dll
0x00007fff1fbe0000 - 0x00007fff1ff35000 	C:\Windows\System32\combase.dll
0x00007fff1d890000 - 0x00007fff1d8bb000 	C:\Windows\SYSTEM32\Wldp.dll
0x00007fff1f9d0000 - 0x00007fff1fa9d000 	C:\Windows\System32\OLEAUT32.dll
0x00007fff200f0000 - 0x00007fff2019d000 	C:\Windows\System32\SHCORE.dll
0x00007fff1e960000 - 0x00007fff1e9b5000 	C:\Windows\System32\shlwapi.dll
0x00007fff1de70000 - 0x00007fff1de95000 	C:\Windows\SYSTEM32\profapi.dll
0x00007fff0adb0000 - 0x00007fff0adc0000 	C:\Users\HP\Downloads\sts-4.25.0.RELEASE\plugins\org.eclipse.justj.openjdk.hotspot.jre.full.win32.x86_64_21.0.4.v20240802-1551\jre\bin\net.dll
0x00007fff16750000 - 0x00007fff1685a000 	C:\Windows\SYSTEM32\WINHTTP.dll
0x00007fff1d670000 - 0x00007fff1d6dc000 	C:\Windows\system32\mswsock.dll
0x00007ffef2120000 - 0x00007ffef2136000 	C:\Users\HP\Downloads\sts-4.25.0.RELEASE\plugins\org.eclipse.justj.openjdk.hotspot.jre.full.win32.x86_64_21.0.4.v20240802-1551\jre\bin\nio.dll
0x00007fff1ad50000 - 0x00007fff1ad5e000 	C:\Users\HP\Downloads\sts-4.25.0.RELEASE\plugins\org.eclipse.justj.openjdk.hotspot.jre.full.win32.x86_64_21.0.4.v20240802-1551\jre\bin\sunmscapi.dll
0x00007fff1e340000 - 0x00007fff1e49d000 	C:\Windows\System32\CRYPT32.dll
0x00007fff1d9e0000 - 0x00007fff1da07000 	C:\Windows\SYSTEM32\ncrypt.dll
0x00007fff1d9a0000 - 0x00007fff1d9db000 	C:\Windows\SYSTEM32\NTASN1.dll
0x00007fff1d8d0000 - 0x00007fff1d8e8000 	C:\Windows\SYSTEM32\CRYPTSP.dll
0x00007fff1cf40000 - 0x00007fff1cf78000 	C:\Windows\system32\rsaenh.dll
0x00007fff1de30000 - 0x00007fff1de5e000 	C:\Windows\SYSTEM32\USERENV.dll
0x00007fff1d800000 - 0x00007fff1d80c000 	C:\Windows\SYSTEM32\CRYPTBASE.dll
0x00007fff1d320000 - 0x00007fff1d35b000 	C:\Windows\SYSTEM32\IPHLPAPI.DLL
0x00007fff203e0000 - 0x00007fff203e8000 	C:\Windows\System32\NSI.dll
0x00007fff09540000 - 0x00007fff0954a000 	C:\Users\HP\Downloads\sts-4.25.0.RELEASE\plugins\org.eclipse.justj.openjdk.hotspot.jre.full.win32.x86_64_21.0.4.v20240802-1551\jre\bin\management.dll
0x00007fff09520000 - 0x00007fff0952b000 	C:\Users\HP\Downloads\sts-4.25.0.RELEASE\plugins\org.eclipse.justj.openjdk.hotspot.jre.full.win32.x86_64_21.0.4.v20240802-1551\jre\bin\management_ext.dll
0x00007fff1f8e0000 - 0x00007fff1f8e8000 	C:\Windows\System32\PSAPI.DLL
0x00007ffef21c0000 - 0x00007ffef21d0000 	C:\Users\HP\Downloads\sts-4.25.0.RELEASE\plugins\org.eclipse.justj.openjdk.hotspot.jre.full.win32.x86_64_21.0.4.v20240802-1551\jre\bin\verify.dll
0x00007fff1d370000 - 0x00007fff1d43a000 	C:\Windows\SYSTEM32\DNSAPI.dll
0x00007fff0caa0000 - 0x00007fff0caaa000 	C:\Windows\System32\rasadhlp.dll
0x00007fff14e10000 - 0x00007fff14e90000 	C:\Windows\System32\fwpuclnt.dll
0x00007ffef1fd0000 - 0x00007ffef1fd9000 	C:\Users\HP\Downloads\sts-4.25.0.RELEASE\plugins\org.eclipse.justj.openjdk.hotspot.jre.full.win32.x86_64_21.0.4.v20240802-1551\jre\bin\extnet.dll
0x00007fff11cb0000 - 0x00007fff11cb7000 	C:\Windows\system32\wshunix.dll

dbghelp: loaded successfully - version: 4.0.5 - missing functions: none
symbol engine: initialized successfully - sym options: 0x614 - pdb path: .;C:\Users\HP\Downloads\sts-4.25.0.RELEASE\plugins\org.eclipse.justj.openjdk.hotspot.jre.full.win32.x86_64_21.0.4.v20240802-1551\jre\bin;C:\Windows\SYSTEM32;C:\Windows\WinSxS\amd64_microsoft.windows.common-controls_6595b64144ccf1df_6.0.19041.4355_none_60b8b9eb71f62e16;C:\Users\HP\Downloads\sts-4.25.0.RELEASE\plugins\org.eclipse.justj.openjdk.hotspot.jre.full.win32.x86_64_21.0.4.v20240802-1551\jre\bin\server

VM Arguments:
jvm_args: -Dfile.encoding=UTF-8 -Dstdout.encoding=UTF-8 -Dstderr.encoding=UTF-8 -XX:+ShowCodeDetailsInExceptionMessages 
java_command: org.fsegs.BelhadjsalahSafa.BankAppBackApplication
java_class_path (initial): C:\Users\HP\Desktop\3eme(Terminale)\jee\MesProjetsSpring\BankAppBack\target\classes;C:\Users\HP\.m2\repository\org\springframework\boot\spring-boot-starter-security\3.4.4\spring-boot-starter-security-3.4.4.jar;C:\Users\HP\.m2\repository\org\springframework\boot\spring-boot-starter\3.4.4\spring-boot-starter-3.4.4.jar;C:\Users\HP\.m2\repository\org\springframework\boot\spring-boot\3.4.4\spring-boot-3.4.4.jar;C:\Users\HP\.m2\repository\org\springframework\boot\spring-boot-autoconfigure\3.4.4\spring-boot-autoconfigure-3.4.4.jar;C:\Users\HP\.m2\repository\org\springframework\boot\spring-boot-starter-logging\3.4.4\spring-boot-starter-logging-3.4.4.jar;C:\Users\HP\.m2\repository\ch\qos\logback\logback-classic\1.5.18\logback-classic-1.5.18.jar;C:\Users\HP\.m2\repository\ch\qos\logback\logback-core\1.5.18\logback-core-1.5.18.jar;C:\Users\HP\.m2\repository\org\apache\logging\log4j\log4j-to-slf4j\2.24.3\log4j-to-slf4j-2.24.3.jar;C:\Users\HP\.m2\repository\org\apache\logging\log4j\log4j-api\2.24.3\log4j-api-2.24.3.jar;C:\Users\HP\.m2\repository\org\slf4j\jul-to-slf4j\2.0.17\jul-to-slf4j-2.0.17.jar;C:\Users\HP\.m2\repository\jakarta\annotation\jakarta.annotation-api\2.1.1\jakarta.annotation-api-2.1.1.jar;C:\Users\HP\.m2\repository\org\yaml\snakeyaml\2.3\snakeyaml-2.3.jar;C:\Users\HP\.m2\repository\org\springframework\spring-aop\6.2.5\spring-aop-6.2.5.jar;C:\Users\HP\.m2\repository\org\springframework\spring-beans\6.2.5\spring-beans-6.2.5.jar;C:\Users\HP\.m2\repository\org\springframework\security\spring-security-config\6.4.4\spring-security-config-6.4.4.jar;C:\Users\HP\.m2\repository\org\springframework\security\spring-security-core\6.4.4\spring-security-core-6.4.4.jar;C:\Users\HP\.m2\repository\org\springframework\security\spring-security-crypto\6.4.4\spring-security-crypto-6.4.4.jar;C:\Users\HP\.m2\repository\org\springframework\spring-context\6.2.5\spring-context-6.2.5.jar;C:\Users\HP\.m2\repository\org\springframework\security\spring-security-web\6.4.4\spring-security-web-6.4.4.jar;C:\Users\HP\.m2\repository\org\springframework\spring-expression\6.2.5\spring-expression-6.2.5.jar;C:\Users\HP\.m2\repository\org\springframework\boot\spring-boot-starter-data-jpa\3.4.4\spring-boot-starter-data-jpa-3.4.4.jar;C:\Users\HP\.m2\repository\org\springframework\boot\spring-boot-starter-jdbc\3.4.4\spring-boot-starter-jdbc-3.4.4.jar;C:\Users\HP\.m2\repository\com\zaxxer\HikariCP\5.1.0\HikariCP-5.1.0.jar;C:\Users\HP\.m2\repository\org\springframework\spring-jdbc\6.2.5\spring-jdbc-6.2.5.jar;C:\Users\HP\.m2\repository\org\hibernate\orm\hibernate-core\6.6.11.Final\hibernate-core-6.6.11.Final.jar;C:\Users\HP\.m2\repository\jakarta\persistence\jakarta.persistence-api\3.1.0\jakarta.persistence-api-3.1.0.jar;C:\Users\HP\.m2\repository\jakarta\transaction\jakarta.transaction-api\2.0.1\jakarta.transaction-api-2.0.1.jar;C:\Users\HP\.m2\repository\org\jboss\logging\jboss-logging\3.6.1.Final\jboss-logging-3.6.1.Final.jar;C:\Users\HP\.m2\repository\org\hibernate\common\hibernate-commons-annotations\7.0.3.Final\hibernate-commons-annotations-7.0.3.Final.jar;C:\Users\HP\.m2\repository\io\smallrye\jandex\3.2.0\jandex-3.2.0.jar;C:\Users\HP\.m2\repository\com\fasterxml\classmate\1.7.0\classmate-1.7.0.jar;C:\Users\HP\.m2\repository\net\bytebuddy\byte-buddy\1.15.11\byte-buddy-1.15.11.jar;C:\Users\HP\.m2\repository\org\glassfish\jaxb\jaxb-runtime\4.0.5\jaxb-runtime-4.0.5.jar;C:\Users\HP\.m2\repository\org\glassfish\jaxb\jaxb-core\4.0.5\jaxb-core-4.0.5.jar;C:\Users\HP\.m2\repository\org\eclipse\angus\angus-activation\2.0.2\angus-activation-2.0.2.jar;C:\Users\HP\.m2\repository\org\glassfish\jaxb\txw2\4.0.5\txw2-4.0.5.jar;C:\Users\HP\.m2\repository\com\sun\istack\istack-commons-runtime\4.1.2\istack-commons-runtime-4.1.2.jar;C:\Users\HP\.m2\repository\jakarta\inject\jakarta.inject-api\2.0.1\jakarta.inject-api-2.0.1.jar;C:\Users\HP\.m2\repository\org\antlr\antlr4-runtime\4.13.0\antlr4-runtime-4.13.0.jar;C:\Users\HP\.m2\repository\org\springframework\data\spring-data-jpa\3.4.4\spring-data-jpa-3.4.4.jar;C:\Users\HP\.m2\repository\org\springframework\data\spring-data-commons\3.4.4\spring-data-commons-3.4.4.jar;C:\Users\HP\.m2\repository\org\springframework\spring-orm\6.2.5\spring-orm-6.2.5.jar;C:\Users\HP\.m2\repository\org\springframework\spring-tx\6.2.5\spring-tx-6.2.5.jar;C:\Users\HP\.m2\repository\org\slf4j\slf4j-api\2.0.17\slf4j-api-2.0.17.jar;C:\Users\HP\.m2\repository\org\springframework\spring-aspects\6.2.5\spring-aspects-6.2.5.jar;C:\Users\HP\.m2\repository\org\aspectj\aspectjweaver\1.9.23\aspectjweaver-1.9.23.jar;C:\Users\HP\.m2\repository\org\springframework\boot\spring-boot-starter-web\3.4.4\spring-boot-starter-web-3.4.4.jar;C:\Users\HP\.m2\repository\org\springframework\boot\spring-boot-starter-json\3.4.4\spring-boot-starter-json-3.4.4.jar;C:\Users\HP\.m2\repository\com\fasterxml\jackson\core\jackson-databind\2.18.3\jackson-databind-2.18.3.jar;C:\Users\HP\.m2\repository\com\fasterxml\jackson\core\jackson-annotations\2.18.3\jackson-annotations-2.18.3.jar;C:\Users\HP\.m2\repository\com\fasterxml\jackson\core\jackson-core\2.18.3\jackson-core-2.18.3.jar;C:\Users\HP\.m2\repository\com\fasterxml\jackson\datatype\jackson-datatype-jdk8\2.18.3\jackson-datatype-jdk8-2.18.3.jar;C:\Users\HP\.m2\repository\com\fasterxml\jackson\datatype\jackson-datatype-jsr310\2.18.3\jackson-datatype-jsr310-2.18.3.jar;C:\Users\HP\.m2\repository\com\fasterxml\jackson\module\jackson-module-parameter-names\2.18.3\jackson-module-parameter-names-2.18.3.jar;C:\Users\HP\.m2\repository\org\springframework\boot\spring-boot-starter-tomcat\3.4.4\spring-boot-starter-tomcat-3.4.4.jar;C:\Users\HP\.m2\repository\org\apache\tomcat\embed\tomcat-embed-core\10.1.39\tomcat-embed-core-10.1.39.jar;C:\Users\HP\.m2\repository\org\apache\tomcat\embed\tomcat-embed-el\10.1.39\tomcat-embed-el-10.1.39.jar;C:\Users\HP\.m2\repository\org\apache\tomcat\embed\tomcat-embed-websocket\10.1.39\tomcat-embed-websocket-10.1.39.jar;C:\Users\HP\.m2\repository\org\springframework\spring-web\6.2.5\spring-web-6.2.5.jar;C:\Users\HP\.m2\repository\io\micrometer\micrometer-observation\1.14.5\micrometer-observation-1.14.5.jar;C:\Users\HP\.m2\repository\io\micrometer\micrometer-commons\1.14.5\micrometer-commons-1.14.5.jar;C:\Users\HP\.m2\repository\org\springframework\spring-webmvc\6.2.5\spring-webmvc-6.2.5.jar;C:\Users\HP\.m2\repository\com\mysql\mysql-connector-j\9.1.0\mysql-connector-j-9.1.0.jar;C:\Users\HP\.m2\repository\jakarta\validation\jakarta.validation-api\2.0.2\jakarta.validation-api-2.0.2.jar;C:\Users\HP\.m2\repository\org\projectlombok\lombok\1.18.36\lombok-1.18.36.jar;C:\Users\HP\.m2\repository\jakarta\xml\bind\jakarta.xml.bind-api\4.0.2\jakarta.xml.bind-api-4.0.2.jar;C:\Users\HP\.m2\repository\jakarta\activation\jakarta.activation-api\2.1.3\jakarta.activation-api-2.1.3.jar;C:\Users\HP\.m2\repository\org\springframework\spring-core\6.2.5\spring-core-6.2.5.jar;C:\Users\HP\.m2\repository\org\springframework\spring-jcl\6.2.5\spring-jcl-6.2.5.jar
Launcher Type: SUN_STANDARD

[Global flags]
     intx CICompilerCount                          = 3                                         {product} {ergonomic}
     uint ConcGCThreads                            = 1                                         {product} {ergonomic}
     uint G1ConcRefinementThreads                  = 4                                         {product} {ergonomic}
   size_t G1HeapRegionSize                         = 1048576                                   {product} {ergonomic}
    uintx GCDrainStackTargetSize                   = 64                                        {product} {ergonomic}
   size_t InitialHeapSize                          = 67108864                                  {product} {ergonomic}
   size_t MarkStackSize                            = 4194304                                   {product} {ergonomic}
   size_t MaxHeapSize                              = 1052770304                                {product} {ergonomic}
   size_t MaxNewSize                               = 631242752                                 {product} {ergonomic}
   size_t MinHeapDeltaBytes                        = 1048576                                   {product} {ergonomic}
   size_t MinHeapSize                              = 8388608                                   {product} {ergonomic}
    uintx NonNMethodCodeHeapSize                   = 5832780                                {pd product} {ergonomic}
    uintx NonProfiledCodeHeapSize                  = 122912730                              {pd product} {ergonomic}
    uintx ProfiledCodeHeapSize                     = 122912730                              {pd product} {ergonomic}
    uintx ReservedCodeCacheSize                    = 251658240                              {pd product} {ergonomic}
     bool SegmentedCodeCache                       = true                                      {product} {ergonomic}
     bool ShowCodeDetailsInExceptionMessages       = true                                   {manageable} {command line}
   size_t SoftMaxHeapSize                          = 1052770304                             {manageable} {ergonomic}
     bool UseCompressedOops                        = true                           {product lp64_product} {ergonomic}
     bool UseG1GC                                  = true                                      {product} {ergonomic}
     bool UseLargePagesIndividualAllocation        = false                                  {pd product} {ergonomic}

Logging:
Log output configuration:
 #0: stdout all=warning uptime,level,tags foldmultilines=false
 #1: stderr all=off uptime,level,tags foldmultilines=false

Environment Variables:
JAVA_HOME=C:\Program Files\Java\jdk-21
PATH=C:/Users/HP/Desktop/sts-4.25.0.RELEASE//plugins/org.eclipse.justj.openjdk.hotspot.jre.full.win32.x86_64_21.0.4.v20240802-1551/jre/bin/server;C:/Users/HP/Desktop/sts-4.25.0.RELEASE//plugins/org.eclipse.justj.openjdk.hotspot.jre.full.win32.x86_64_21.0.4.v20240802-1551/jre/bin;C:\Users\HP\Desktop\oracle\bin;C:\ProgramData\ComposerSetup\bin;C:\Program Files\Java\jdk-21\bin;C:\xampp\php;C:\Program Files\Git\cmd;C:\Users\HP\Downloads\sqldeveloper\modules\javafx\windows-x64\bin;C:\Users\HP\Desktop\oracle\network\admin;C:\Windows\System32\WindowsPowerShell\v1.0;C:\Program Files\nodejs\;C:\ProgramData\chocolatey\bin;C:\ProgramData\Microsoft\Windows\Start Menu\Programs\Node.js;C:\OpenLDAP-2.6.9\bin;C:\Users\HP\AppData\Local\Microsoft\WindowsApps;C:\Program Files\Azure Data Studio\bin;C:\Program Files (x86)\EasyPHP-Devserver-17;c:\programmes\java\jdk-21\bin;C:\Users\HP\AppData\Roaming\Composer\vendor\bin;C:\Program Files\Git;C:\Program Files\Java\jdk-17;C:\Users\HP\developpementmobile\flutter\bin;C:\Windows\System32;C:\Users\HP\AppData\Local\Android\sdk;C:\Users\HP\AppData\Local\Programs\Microsoft VS Code\bin;C:\Users\HP\AppData\Roaming\npm;C:\ProgramData\Microsoft\Windows\Start Menu\Programs\Node.js;C:\OpenLDAP-2.6.9\bin;;C:\Users\HP\Desktop\sts-4.25.0.RELEASE;
USERNAME=HP
OS=Windows_NT
PROCESSOR_IDENTIFIER=Intel64 Family 6 Model 142 Stepping 9, GenuineIntel
TMP=C:\Users\HP\AppData\Local\Temp
TEMP=C:\Users\HP\AppData\Local\Temp




Periodic native trim disabled

---------------  S Y S T E M  ---------------

OS:
 Windows 10 , 64 bit Build 19041 (10.0.19041.5678)
OS uptime: 9 days 22:50 hours
Hyper-V role detected

CPU: total 4 (initial active 4) (2 cores per cpu, 2 threads per core) family 6 model 142 stepping 9 microcode 0xb4, cx8, cmov, fxsr, ht, mmx, 3dnowpref, sse, sse2, sse3, ssse3, sse4.1, sse4.2, popcnt, lzcnt, tsc, tscinvbit, avx, avx2, aes, erms, clmul, bmi1, bmi2, adx, fma, vzeroupper, clflush, clflushopt, hv, rdtscp, f16c
Processor Information for all 4 processors :
  Max Mhz: 2300, Current Mhz: 2300, Mhz Limit: 2300

Memory: 4k page, system-wide physical 4011M (48M free)
TotalPageFile size 16299M (AvailPageFile size 8M)
current process WorkingSet (physical memory assigned to process): 145M, peak: 232M
current process commit charge ("private bytes"): 347M, peak: 430M

vm_info: OpenJDK 64-Bit Server VM (21.0.4+7-LTS) for windows-amd64 JRE (21.0.4+7-LTS), built on 2024-07-16T00:00:00Z by "admin" with MS VC++ 17.7 (VS2022)

END.
